{"C:\\Users\\HomePC\\Documents\\banking-application\\index.js": {"path":"C:\\Users\\HomePC\\Documents\\banking-application\\index.js","statementMap":{"0":{"start":{"line":1,"column":16},"end":{"line":1,"column":34}},"1":{"start":{"line":2,"column":12},"end":{"line":2,"column":21}},"2":{"start":{"line":4,"column":13},"end":{"line":4,"column":37}},"3":{"start":{"line":7,"column":0},"end":{"line":7,"column":24}},"4":{"start":{"line":10,"column":15},"end":{"line":10,"column":17}},"5":{"start":{"line":13,"column":0},"end":{"line":16,"column":3}},"6":{"start":{"line":14,"column":4},"end":{"line":14,"column":29}},"7":{"start":{"line":15,"column":4},"end":{"line":15,"column":50}},"8":{"start":{"line":20,"column":26},"end":{"line":20,"column":36}},"9":{"start":{"line":21,"column":20},"end":{"line":21,"column":69}},"10":{"start":{"line":21,"column":41},"end":{"line":21,"column":68}},"11":{"start":{"line":22,"column":4},"end":{"line":24,"column":5}},"12":{"start":{"line":23,"column":8},"end":{"line":23,"column":68}},"13":{"start":{"line":25,"column":4},"end":{"line":25,"column":11}},"14":{"start":{"line":30,"column":35},"end":{"line":30,"column":43}},"15":{"start":{"line":33,"column":4},"end":{"line":35,"column":5}},"16":{"start":{"line":34,"column":8},"end":{"line":34,"column":95}},"17":{"start":{"line":38,"column":4},"end":{"line":40,"column":5}},"18":{"start":{"line":39,"column":8},"end":{"line":39,"column":66}},"19":{"start":{"line":42,"column":26},"end":{"line":42,"column":45}},"20":{"start":{"line":43,"column":4},"end":{"line":45,"column":5}},"21":{"start":{"line":44,"column":8},"end":{"line":44,"column":88}},"22":{"start":{"line":47,"column":4},"end":{"line":49,"column":5}},"23":{"start":{"line":47,"column":29},"end":{"line":47,"column":56}},"24":{"start":{"line":48,"column":8},"end":{"line":48,"column":100}},"25":{"start":{"line":51,"column":4},"end":{"line":51,"column":11}},"26":{"start":{"line":55,"column":0},"end":{"line":59,"column":3}},"27":{"start":{"line":56,"column":35},"end":{"line":56,"column":43}},"28":{"start":{"line":57,"column":4},"end":{"line":57,"column":42}},"29":{"start":{"line":58,"column":4},"end":{"line":58,"column":70}},"30":{"start":{"line":62,"column":0},"end":{"line":66,"column":3}},"31":{"start":{"line":63,"column":26},"end":{"line":63,"column":36}},"32":{"start":{"line":64,"column":20},"end":{"line":64,"column":69}},"33":{"start":{"line":64,"column":41},"end":{"line":64,"column":68}},"34":{"start":{"line":65,"column":4},"end":{"line":65,"column":43}},"35":{"start":{"line":69,"column":0},"end":{"line":75,"column":3}},"36":{"start":{"line":70,"column":23},"end":{"line":70,"column":31}},"37":{"start":{"line":71,"column":26},"end":{"line":71,"column":36}},"38":{"start":{"line":72,"column":20},"end":{"line":72,"column":69}},"39":{"start":{"line":72,"column":41},"end":{"line":72,"column":68}},"40":{"start":{"line":73,"column":4},"end":{"line":73,"column":42}},"41":{"start":{"line":74,"column":4},"end":{"line":74,"column":74}},"42":{"start":{"line":78,"column":0},"end":{"line":87,"column":3}},"43":{"start":{"line":79,"column":23},"end":{"line":79,"column":31}},"44":{"start":{"line":80,"column":26},"end":{"line":80,"column":36}},"45":{"start":{"line":81,"column":20},"end":{"line":81,"column":69}},"46":{"start":{"line":81,"column":41},"end":{"line":81,"column":68}},"47":{"start":{"line":82,"column":4},"end":{"line":84,"column":5}},"48":{"start":{"line":83,"column":8},"end":{"line":83,"column":71}},"49":{"start":{"line":85,"column":4},"end":{"line":85,"column":42}},"50":{"start":{"line":86,"column":4},"end":{"line":86,"column":77}},"51":{"start":{"line":89,"column":0},"end":{"line":91,"column":3}},"52":{"start":{"line":90,"column":4},"end":{"line":90,"column":53}},"53":{"start":{"line":93,"column":0},"end":{"line":93,"column":21}}},"fnMap":{"0":{"name":"(anonymous_0)","decl":{"start":{"line":13,"column":8},"end":{"line":13,"column":9}},"loc":{"start":{"line":13,"column":33},"end":{"line":16,"column":1}},"line":13},"1":{"name":"validateAccount","decl":{"start":{"line":19,"column":9},"end":{"line":19,"column":24}},"loc":{"start":{"line":19,"column":41},"end":{"line":26,"column":1}},"line":19},"2":{"name":"(anonymous_2)","decl":{"start":{"line":21,"column":34},"end":{"line":21,"column":35}},"loc":{"start":{"line":21,"column":41},"end":{"line":21,"column":68}},"line":21},"3":{"name":"validateAccountCreation","decl":{"start":{"line":29,"column":9},"end":{"line":29,"column":32}},"loc":{"start":{"line":29,"column":49},"end":{"line":52,"column":1}},"line":29},"4":{"name":"(anonymous_4)","decl":{"start":{"line":47,"column":22},"end":{"line":47,"column":23}},"loc":{"start":{"line":47,"column":29},"end":{"line":47,"column":56}},"line":47},"5":{"name":"(anonymous_5)","decl":{"start":{"line":55,"column":47},"end":{"line":55,"column":48}},"loc":{"start":{"line":55,"column":67},"end":{"line":59,"column":1}},"line":55},"6":{"name":"(anonymous_6)","decl":{"start":{"line":62,"column":49},"end":{"line":62,"column":50}},"loc":{"start":{"line":62,"column":63},"end":{"line":66,"column":1}},"line":62},"7":{"name":"(anonymous_7)","decl":{"start":{"line":64,"column":34},"end":{"line":64,"column":35}},"loc":{"start":{"line":64,"column":41},"end":{"line":64,"column":68}},"line":64},"8":{"name":"(anonymous_8)","decl":{"start":{"line":69,"column":58},"end":{"line":69,"column":59}},"loc":{"start":{"line":69,"column":72},"end":{"line":75,"column":1}},"line":69},"9":{"name":"(anonymous_9)","decl":{"start":{"line":72,"column":34},"end":{"line":72,"column":35}},"loc":{"start":{"line":72,"column":41},"end":{"line":72,"column":68}},"line":72},"10":{"name":"(anonymous_10)","decl":{"start":{"line":78,"column":59},"end":{"line":78,"column":60}},"loc":{"start":{"line":78,"column":73},"end":{"line":87,"column":1}},"line":78},"11":{"name":"(anonymous_11)","decl":{"start":{"line":81,"column":34},"end":{"line":81,"column":35}},"loc":{"start":{"line":81,"column":41},"end":{"line":81,"column":68}},"line":81},"12":{"name":"(anonymous_12)","decl":{"start":{"line":89,"column":17},"end":{"line":89,"column":18}},"loc":{"start":{"line":89,"column":23},"end":{"line":91,"column":1}},"line":89}},"branchMap":{"0":{"loc":{"start":{"line":4,"column":13},"end":{"line":4,"column":37}},"type":"binary-expr","locations":[{"start":{"line":4,"column":13},"end":{"line":4,"column":29}},{"start":{"line":4,"column":33},"end":{"line":4,"column":37}}],"line":4},"1":{"loc":{"start":{"line":22,"column":4},"end":{"line":24,"column":5}},"type":"if","locations":[{"start":{"line":22,"column":4},"end":{"line":24,"column":5}},{"start":{},"end":{}}],"line":22},"2":{"loc":{"start":{"line":33,"column":4},"end":{"line":35,"column":5}},"type":"if","locations":[{"start":{"line":33,"column":4},"end":{"line":35,"column":5}},{"start":{},"end":{}}],"line":33},"3":{"loc":{"start":{"line":33,"column":8},"end":{"line":33,"column":82}},"type":"binary-expr","locations":[{"start":{"line":33,"column":8},"end":{"line":33,"column":18}},{"start":{"line":33,"column":22},"end":{"line":33,"column":51}},{"start":{"line":33,"column":55},"end":{"line":33,"column":82}}],"line":33},"4":{"loc":{"start":{"line":38,"column":4},"end":{"line":40,"column":5}},"type":"if","locations":[{"start":{"line":38,"column":4},"end":{"line":40,"column":5}},{"start":{},"end":{}}],"line":38},"5":{"loc":{"start":{"line":38,"column":8},"end":{"line":38,"column":34}},"type":"binary-expr","locations":[{"start":{"line":38,"column":8},"end":{"line":38,"column":16}},{"start":{"line":38,"column":20},"end":{"line":38,"column":34}}],"line":38},"6":{"loc":{"start":{"line":43,"column":4},"end":{"line":45,"column":5}},"type":"if","locations":[{"start":{"line":43,"column":4},"end":{"line":45,"column":5}},{"start":{},"end":{}}],"line":43},"7":{"loc":{"start":{"line":47,"column":4},"end":{"line":49,"column":5}},"type":"if","locations":[{"start":{"line":47,"column":4},"end":{"line":49,"column":5}},{"start":{},"end":{}}],"line":47},"8":{"loc":{"start":{"line":82,"column":4},"end":{"line":84,"column":5}},"type":"if","locations":[{"start":{"line":82,"column":4},"end":{"line":84,"column":5}},{"start":{},"end":{}}],"line":82}},"s":{"0":1,"1":1,"2":1,"3":1,"4":1,"5":1,"6":0,"7":0,"8":3,"9":3,"10":3,"11":3,"12":0,"13":3,"14":1,"15":1,"16":0,"17":1,"18":0,"19":1,"20":1,"21":0,"22":1,"23":0,"24":0,"25":1,"26":1,"27":1,"28":1,"29":1,"30":1,"31":1,"32":1,"33":1,"34":1,"35":1,"36":1,"37":1,"38":1,"39":1,"40":1,"41":1,"42":1,"43":1,"44":1,"45":1,"46":1,"47":1,"48":0,"49":1,"50":1,"51":1,"52":1,"53":1},"f":{"0":0,"1":3,"2":3,"3":1,"4":0,"5":1,"6":1,"7":1,"8":1,"9":1,"10":1,"11":1,"12":1},"b":{"0":[1,1],"1":[0,3],"2":[0,1],"3":[1,1,1],"4":[0,1],"5":[1,1],"6":[0,1],"7":[0,1],"8":[0,1]},"_coverageSchema":"1a1c01bbd47fc00a2c39e90264f33305004495a9","hash":"205cf8cc3358c3b67f49261a8762f92fecaed181"}
}
