TN:
SF:index.js
FN:13,(anonymous_0)
FN:19,validateAccount
FN:21,(anonymous_2)
FN:29,validateAccountCreation
FN:47,(anonymous_4)
FN:55,(anonymous_5)
FN:62,(anonymous_6)
FN:64,(anonymous_7)
FN:69,(anonymous_8)
FN:72,(anonymous_9)
FN:78,(anonymous_10)
FN:81,(anonymous_11)
FN:89,(anonymous_12)
FNF:13
FNH:11
FNDA:0,(anonymous_0)
FNDA:3,validateAccount
FNDA:3,(anonymous_2)
FNDA:1,validateAccountCreation
FNDA:0,(anonymous_4)
FNDA:1,(anonymous_5)
FNDA:1,(anonymous_6)
FNDA:1,(anonymous_7)
FNDA:1,(anonymous_8)
FNDA:1,(anonymous_9)
FNDA:1,(anonymous_10)
FNDA:1,(anonymous_11)
FNDA:1,(anonymous_12)
DA:1,1
DA:2,1
DA:4,1
DA:7,1
DA:10,1
DA:13,1
DA:14,0
DA:15,0
DA:20,3
DA:21,3
DA:22,3
DA:23,0
DA:25,3
DA:30,1
DA:33,1
DA:34,0
DA:38,1
DA:39,0
DA:42,1
DA:43,1
DA:44,0
DA:47,1
DA:48,0
DA:51,1
DA:55,1
DA:56,1
DA:57,1
DA:58,1
DA:62,1
DA:63,1
DA:64,1
DA:65,1
DA:69,1
DA:70,1
DA:71,1
DA:72,1
DA:73,1
DA:74,1
DA:78,1
DA:79,1
DA:80,1
DA:81,1
DA:82,1
DA:83,0
DA:85,1
DA:86,1
DA:89,1
DA:90,1
DA:93,1
LF:49
LH:41
BRDA:4,0,0,1
BRDA:4,0,1,1
BRDA:22,1,0,0
BRDA:22,1,1,3
BRDA:33,2,0,0
BRDA:33,2,1,1
BRDA:33,3,0,1
BRDA:33,3,1,1
BRDA:33,3,2,1
BRDA:38,4,0,0
BRDA:38,4,1,1
BRDA:38,5,0,1
BRDA:38,5,1,1
BRDA:43,6,0,0
BRDA:43,6,1,1
BRDA:47,7,0,0
BRDA:47,7,1,1
BRDA:82,8,0,0
BRDA:82,8,1,1
BRF:19
BRH:13
end_of_record
